14-Jul-2019 11:37:27.974 信息 [main] org.apache.catalina.startup.VersionLoggerListener.log Server version:        Apache Tomcat/8.5.43
14-Jul-2019 11:37:27.978 信息 [main] org.apache.catalina.startup.VersionLoggerListener.log Server built:          Jul 4 2019 20:53:15 UTC
14-Jul-2019 11:37:27.980 信息 [main] org.apache.catalina.startup.VersionLoggerListener.log Server number:         8.5.43.0
14-Jul-2019 11:37:27.980 信息 [main] org.apache.catalina.startup.VersionLoggerListener.log OS Name:               Windows 10
14-Jul-2019 11:37:27.980 信息 [main] org.apache.catalina.startup.VersionLoggerListener.log OS Version:            10.0
14-Jul-2019 11:37:27.980 信息 [main] org.apache.catalina.startup.VersionLoggerListener.log Architecture:          amd64
14-Jul-2019 11:37:27.981 信息 [main] org.apache.catalina.startup.VersionLoggerListener.log Java Home:             C:\Program Files\Java\jre1.8.0_201
14-Jul-2019 11:37:27.981 信息 [main] org.apache.catalina.startup.VersionLoggerListener.log JVM Version:           1.8.0_201-b09
14-Jul-2019 11:37:27.984 信息 [main] org.apache.catalina.startup.VersionLoggerListener.log JVM Vendor:            Oracle Corporation
14-Jul-2019 11:37:27.984 信息 [main] org.apache.catalina.startup.VersionLoggerListener.log CATALINA_BASE:         D:\tomcat\apache-tomcat-8.5.43-windows-x64\apache-tomcat-8.5.43
14-Jul-2019 11:37:27.984 信息 [main] org.apache.catalina.startup.VersionLoggerListener.log CATALINA_HOME:         D:\tomcat\apache-tomcat-8.5.43-windows-x64\apache-tomcat-8.5.43
14-Jul-2019 11:37:27.984 信息 [main] org.apache.catalina.startup.VersionLoggerListener.log Command line argument: -Djava.util.logging.config.file=D:\tomcat\apache-tomcat-8.5.43-windows-x64\apache-tomcat-8.5.43\conf\logging.properties
14-Jul-2019 11:37:27.984 信息 [main] org.apache.catalina.startup.VersionLoggerListener.log Command line argument: -Djava.util.logging.manager=org.apache.juli.ClassLoaderLogManager
14-Jul-2019 11:37:27.985 信息 [main] org.apache.catalina.startup.VersionLoggerListener.log Command line argument: -Djdk.tls.ephemeralDHKeySize=2048
14-Jul-2019 11:37:27.985 信息 [main] org.apache.catalina.startup.VersionLoggerListener.log Command line argument: -Djava.protocol.handler.pkgs=org.apache.catalina.webresources
14-Jul-2019 11:37:27.985 信息 [main] org.apache.catalina.startup.VersionLoggerListener.log Command line argument: -Dignore.endorsed.dirs=
14-Jul-2019 11:37:27.985 信息 [main] org.apache.catalina.startup.VersionLoggerListener.log Command line argument: -Dcatalina.base=D:\tomcat\apache-tomcat-8.5.43-windows-x64\apache-tomcat-8.5.43
14-Jul-2019 11:37:27.986 信息 [main] org.apache.catalina.startup.VersionLoggerListener.log Command line argument: -Dcatalina.home=D:\tomcat\apache-tomcat-8.5.43-windows-x64\apache-tomcat-8.5.43
14-Jul-2019 11:37:27.986 信息 [main] org.apache.catalina.startup.VersionLoggerListener.log Command line argument: -Djava.io.tmpdir=D:\tomcat\apache-tomcat-8.5.43-windows-x64\apache-tomcat-8.5.43\temp
14-Jul-2019 11:37:27.987 信息 [main] org.apache.catalina.core.AprLifecycleListener.lifecycleEvent Loaded APR based Apache Tomcat Native library [1.2.23] using APR version [1.7.0].
14-Jul-2019 11:37:27.988 信息 [main] org.apache.catalina.core.AprLifecycleListener.lifecycleEvent APR capabilities: IPv6 [true], sendfile [true], accept filters [false], random [true].
14-Jul-2019 11:37:27.988 信息 [main] org.apache.catalina.core.AprLifecycleListener.lifecycleEvent APR/OpenSSL configuration: useAprConnector [false], useOpenSSL [true]
14-Jul-2019 11:37:27.999 信息 [main] org.apache.catalina.core.AprLifecycleListener.initializeSSL OpenSSL successfully initialized [OpenSSL 1.1.1c  28 May 2019]
14-Jul-2019 11:37:28.108 信息 [main] org.apache.coyote.AbstractProtocol.init Initializing ProtocolHandler ["http-nio-8080"]
14-Jul-2019 11:37:28.325 信息 [main] org.apache.tomcat.util.net.NioSelectorPool.getSharedSelector Using a shared selector for servlet write/read
14-Jul-2019 11:37:28.337 信息 [main] org.apache.coyote.AbstractProtocol.init Initializing ProtocolHandler ["ajp-nio-8009"]
14-Jul-2019 11:37:28.340 信息 [main] org.apache.tomcat.util.net.NioSelectorPool.getSharedSelector Using a shared selector for servlet write/read
14-Jul-2019 11:37:28.341 信息 [main] org.apache.catalina.startup.Catalina.load Initialization processed in 701 ms
14-Jul-2019 11:37:28.372 信息 [main] org.apache.catalina.core.StandardService.startInternal Starting service [Catalina]
14-Jul-2019 11:37:28.372 信息 [main] org.apache.catalina.core.StandardEngine.startInternal Starting Servlet Engine: Apache Tomcat/8.5.43
14-Jul-2019 11:37:28.385 信息 [localhost-startStop-1] org.apache.catalina.startup.HostConfig.deployDirectory Deploying web application directory [D:\tomcat\apache-tomcat-8.5.43-windows-x64\apache-tomcat-8.5.43\webapps\docs]
14-Jul-2019 11:37:28.583 信息 [localhost-startStop-1] org.apache.catalina.startup.HostConfig.deployDirectory Deployment of web application directory [D:\tomcat\apache-tomcat-8.5.43-windows-x64\apache-tomcat-8.5.43\webapps\docs] has finished in [198] ms
14-Jul-2019 11:37:28.584 信息 [localhost-startStop-1] org.apache.catalina.startup.HostConfig.deployDirectory Deploying web application directory [D:\tomcat\apache-tomcat-8.5.43-windows-x64\apache-tomcat-8.5.43\webapps\examples]
14-Jul-2019 11:37:28.877 信息 [localhost-startStop-1] org.apache.catalina.startup.HostConfig.deployDirectory Deployment of web application directory [D:\tomcat\apache-tomcat-8.5.43-windows-x64\apache-tomcat-8.5.43\webapps\examples] has finished in [293] ms
14-Jul-2019 11:37:28.877 信息 [localhost-startStop-1] org.apache.catalina.startup.HostConfig.deployDirectory Deploying web application directory [D:\tomcat\apache-tomcat-8.5.43-windows-x64\apache-tomcat-8.5.43\webapps\host-manager]
14-Jul-2019 11:37:28.903 信息 [localhost-startStop-1] org.apache.catalina.startup.HostConfig.deployDirectory Deployment of web application directory [D:\tomcat\apache-tomcat-8.5.43-windows-x64\apache-tomcat-8.5.43\webapps\host-manager] has finished in [26] ms
14-Jul-2019 11:37:28.903 信息 [localhost-startStop-1] org.apache.catalina.startup.HostConfig.deployDirectory Deploying web application directory [D:\tomcat\apache-tomcat-8.5.43-windows-x64\apache-tomcat-8.5.43\webapps\manager]
14-Jul-2019 11:37:28.933 信息 [localhost-startStop-1] org.apache.catalina.startup.HostConfig.deployDirectory Deployment of web application directory [D:\tomcat\apache-tomcat-8.5.43-windows-x64\apache-tomcat-8.5.43\webapps\manager] has finished in [30] ms
14-Jul-2019 11:37:28.934 信息 [localhost-startStop-1] org.apache.catalina.startup.HostConfig.deployDirectory Deploying web application directory [D:\tomcat\apache-tomcat-8.5.43-windows-x64\apache-tomcat-8.5.43\webapps\ROOT]
14-Jul-2019 11:37:28.958 信息 [localhost-startStop-1] org.apache.catalina.startup.HostConfig.deployDirectory Deployment of web application directory [D:\tomcat\apache-tomcat-8.5.43-windows-x64\apache-tomcat-8.5.43\webapps\ROOT] has finished in [24] ms
14-Jul-2019 11:37:28.963 信息 [main] org.apache.coyote.AbstractProtocol.start Starting ProtocolHandler ["http-nio-8080"]
14-Jul-2019 11:37:28.971 信息 [main] org.apache.coyote.AbstractProtocol.start Starting ProtocolHandler ["ajp-nio-8009"]
14-Jul-2019 11:37:28.975 信息 [main] org.apache.catalina.startup.Catalina.start Server startup in 633 ms
